<?xml version="1.0" encoding="UTF-8"?>
<testsuite name="scenarios.LoginTest" time="65.248" tests="1" errors="1" skipped="0" failures="0">
  <properties>
    <property name="java.runtime.name" value="Java(TM) SE Runtime Environment"/>
    <property name="java.vm.version" value="15.0.1+9-18"/>
    <property name="sun.boot.library.path" value="C:\Program Files\Java\jdk-15.0.1\bin"/>
    <property name="boutiqueRugsUserPassword" value="boutiquerugs123!"/>
    <property name="maven.multiModuleProjectDirectory" value="C:\Users\brglf\IdeaProjects\boutiquerugs-qa"/>
    <property name="java.vm.vendor" value="Oracle Corporation"/>
    <property name="java.vendor.url" value="https://java.oracle.com/"/>
    <property name="guice.disable.misplaced.annotation.check" value="true"/>
    <property name="path.separator" value=";"/>
    <property name="java.vm.name" value="Java HotSpot(TM) 64-Bit Server VM"/>
    <property name="sun.os.patch.level" value=""/>
    <property name="env" value="PROD"/>
    <property name="user.script" value=""/>
    <property name="user.country" value="US"/>
    <property name="sun.java.launcher" value="SUN_STANDARD"/>
    <property name="test" value="LoginTest"/>
    <property name="java.vm.specification.name" value="Java Virtual Machine Specification"/>
    <property name="user.dir" value="C:\Users\brglf\IdeaProjects\boutiquerugs-qa"/>
    <property name="java.vm.compressedOopsMode" value="32-bit"/>
    <property name="java.runtime.version" value="15.0.1+9-18"/>
    <property name="os.arch" value="amd64"/>
    <property name="java.io.tmpdir" value="C:\Users\brglf\AppData\Local\Temp\"/>
    <property name="line.separator" value="&#10;"/>
    <property name="java.vm.specification.vendor" value="Oracle Corporation"/>
    <property name="user.variant" value=""/>
    <property name="os.name" value="Windows 10"/>
    <property name="classworlds.conf" value="C:\Users\brglf\OneDrive\Documents\apache-maven-3.8.1\bin\..\bin\m2.conf"/>
    <property name="sun.jnu.encoding" value="Cp1252"/>
    <property name="boutiqueRugsUserEmail" value="boutiquerugstest@gmail.com"/>
    <property name="java.library.path" value="C:\Program Files\Java\jdk-15.0.1\bin;C:\WINDOWS\Sun\Java\bin;C:\WINDOWS\system32;C:\WINDOWS;C:\Program Files\Common Files\Oracle\Java\javapath;C:\Program Files (x86)\Intel\Intel(R) Management Engine Components\iCLS\;C:\Program Files\Intel\Intel(R) Management Engine Components\iCLS\;C:\WINDOWS\system32;C:\WINDOWS;C:\WINDOWS\System32\Wbem;C:\WINDOWS\System32\WindowsPowerShell\v1.0\;C:\WINDOWS\System32\OpenSSH\;C:\Program Files (x86)\Intel\Intel(R) Management Engine Components\DAL;C:\Program Files\Intel\Intel(R) Management Engine Components\DAL;C:\Program Files\Java\jdk-15.0.1\bin;C:\xampp\php;C:\Program Files\Git\cmd;C:\Program Files\MongoDB\Server\4.4\bin;C:\Users\brglf\AppData\Local\Microsoft\WindowsApps;C:\xampp\php;C:\Users\brglf\AppData\Local\Programs\Microsoft VS Code\bin;C:\Users\brglf\OneDrive\Documents\apache-maven-3.8.1\bin;;."/>
    <property name="maven.conf" value="C:\Users\brglf\OneDrive\Documents\apache-maven-3.8.1\bin\../conf"/>
    <property name="jdk.debug" value="release"/>
    <property name="java.class.version" value="59.0"/>
    <property name="java.specification.name" value="Java Platform API Specification"/>
    <property name="sun.management.compiler" value="HotSpot 64-Bit Tiered Compilers"/>
    <property name="os.version" value="10.0"/>
    <property name="library.jansi.path" value="C:\Users\brglf\OneDrive\Documents\apache-maven-3.8.1\bin\..\lib\jansi-native"/>
    <property name="user.home" value="C:\Users\brglf"/>
    <property name="user.timezone" value="America/New_York"/>
    <property name="file.encoding" value="Cp1252"/>
    <property name="java.specification.version" value="15"/>
    <property name="user.name" value="brglf"/>
    <property name="java.class.path" value="C:\Users\brglf\OneDrive\Documents\apache-maven-3.8.1\bin\..\boot\plexus-classworlds-2.6.0.jar"/>
    <property name="chromeDriver" value="webdriver.chrome.driver"/>
    <property name="java.vm.specification.version" value="15"/>
    <property name="sun.arch.data.model" value="64"/>
    <property name="sun.java.command" value="org.codehaus.plexus.classworlds.launcher.Launcher -B -Dtest=LoginTest -Dtest.id=1625501691153 test -DchromeDriver=webdriver.chrome.driver -DtestResultEmailAddress=brgl.furkan@gmail.com -DboutiqueRugsUserEmail=boutiquerugstest@gmail.com -DboutiqueRugsUserPassword=boutiquerugs123! -Denv=PROD"/>
    <property name="java.home" value="C:\Program Files\Java\jdk-15.0.1"/>
    <property name="user.language" value="en"/>
    <property name="java.specification.vendor" value="Oracle Corporation"/>
    <property name="java.vm.info" value="mixed mode, sharing"/>
    <property name="java.version" value="15.0.1"/>
    <property name="java.vendor" value="Oracle Corporation"/>
    <property name="testResultEmailAddress" value="brgl.furkan@gmail.com"/>
    <property name="maven.home" value="C:\Users\brglf\OneDrive\Documents\apache-maven-3.8.1\bin\.."/>
    <property name="file.separator" value="\"/>
    <property name="java.version.date" value="2020-10-20"/>
    <property name="java.vendor.url.bug" value="https://bugreport.java.com/bugreport/"/>
    <property name="sun.io.unicode.encoding" value="UnicodeLittle"/>
    <property name="sun.cpu.endian" value="little"/>
    <property name="test.id" value="1625501691153"/>
    <property name="sun.cpu.isalist" value="amd64"/>
  </properties>
  <testcase name="LoginTest" classname="scenarios.LoginTest" time="65.248">
    <error message="no such element: Unable to locate element: {&quot;method&quot;:&quot;xpath&quot;,&quot;selector&quot;:&quot;//*[@id=&quot;main&quot;]/header/div/h1&quot;}&#10;  (Session info: chrome=91.0.4472.114)&#10;For documentation on this error, please visit: https://www.seleniumhq.org/exceptions/no_such_element.html&#10;Build info: version: &apos;3.141.59&apos;, revision: &apos;e82be7d358&apos;, time: &apos;2018-11-14T08:17:03&apos;&#10;System info: host: &apos;LAPTOP-PB5O03D2&apos;, ip: &apos;192.168.56.1&apos;, os.name: &apos;Windows 10&apos;, os.arch: &apos;amd64&apos;, os.version: &apos;10.0&apos;, java.version: &apos;15.0.1&apos;&#10;Driver info: org.openqa.selenium.chrome.ChromeDriver&#10;Capabilities {acceptInsecureCerts: false, browserName: chrome, browserVersion: 91.0.4472.114, chrome: {chromedriverVersion: 91.0.4472.101 (af52a90bf870..., userDataDir: C:\Users\brglf\AppData\Loca...}, goog:chromeOptions: {debuggerAddress: localhost:59385}, javascriptEnabled: true, networkConnectionEnabled: false, pageLoadStrategy: normal, platform: WINDOWS, platformName: WINDOWS, proxy: Proxy(), setWindowRect: true, strictFileInteractability: false, timeouts: {implicit: 0, pageLoad: 300000, script: 30000}, unhandledPromptBehavior: dismiss and notify, webauthn:extension:largeBlob: true, webauthn:virtualAuthenticators: true}&#10;Session ID: b198e812290a26c47d09e7dfaf69e67a&#10;*** Element info: {Using=xpath, value=//*[@id=&quot;main&quot;]/header/div/h1}" type="org.openqa.selenium.NoSuchElementException">org.openqa.selenium.NoSuchElementException: no such element: Unable to locate element: {"method":"xpath","selector":"//*[@id="main"]/header/div/h1"}
  (Session info: chrome=91.0.4472.114)
For documentation on this error, please visit: https://www.seleniumhq.org/exceptions/no_such_element.html
Build info: version: '3.141.59', revision: 'e82be7d358', time: '2018-11-14T08:17:03'
System info: host: 'LAPTOP-PB5O03D2', ip: '192.168.56.1', os.name: 'Windows 10', os.arch: 'amd64', os.version: '10.0', java.version: '15.0.1'
Driver info: org.openqa.selenium.chrome.ChromeDriver
Capabilities {acceptInsecureCerts: false, browserName: chrome, browserVersion: 91.0.4472.114, chrome: {chromedriverVersion: 91.0.4472.101 (af52a90bf870..., userDataDir: C:\Users\brglf\AppData\Loca...}, goog:chromeOptions: {debuggerAddress: localhost:59385}, javascriptEnabled: true, networkConnectionEnabled: false, pageLoadStrategy: normal, platform: WINDOWS, platformName: WINDOWS, proxy: Proxy(), setWindowRect: true, strictFileInteractability: false, timeouts: {implicit: 0, pageLoad: 300000, script: 30000}, unhandledPromptBehavior: dismiss and notify, webauthn:extension:largeBlob: true, webauthn:virtualAuthenticators: true}
Session ID: b198e812290a26c47d09e7dfaf69e67a
*** Element info: {Using=xpath, value=//*[@id="main"]/header/div/h1}
	at java.base/jdk.internal.reflect.NativeConstructorAccessorImpl.newInstance0(Native Method)
	at java.base/jdk.internal.reflect.NativeConstructorAccessorImpl.newInstance(NativeConstructorAccessorImpl.java:64)
	at java.base/jdk.internal.reflect.DelegatingConstructorAccessorImpl.newInstance(DelegatingConstructorAccessorImpl.java:45)
	at java.base/java.lang.reflect.Constructor.newInstanceWithCaller(Constructor.java:500)
	at java.base/java.lang.reflect.Constructor.newInstance(Constructor.java:481)
	at org.openqa.selenium.remote.http.W3CHttpResponseCodec.createException(W3CHttpResponseCodec.java:187)
	at org.openqa.selenium.remote.http.W3CHttpResponseCodec.decode(W3CHttpResponseCodec.java:122)
	at org.openqa.selenium.remote.http.W3CHttpResponseCodec.decode(W3CHttpResponseCodec.java:49)
	at org.openqa.selenium.remote.HttpCommandExecutor.execute(HttpCommandExecutor.java:158)
	at org.openqa.selenium.remote.service.DriverCommandExecutor.execute(DriverCommandExecutor.java:83)
	at org.openqa.selenium.remote.RemoteWebDriver.execute(RemoteWebDriver.java:552)
	at org.openqa.selenium.remote.RemoteWebDriver.findElement(RemoteWebDriver.java:323)
	at org.openqa.selenium.remote.RemoteWebDriver.findElementByXPath(RemoteWebDriver.java:428)
	at org.openqa.selenium.By$ByXPath.findElement(By.java:353)
	at org.openqa.selenium.remote.RemoteWebDriver.findElement(RemoteWebDriver.java:315)
	at scenarios.LoginTest.LoginTest(LoginTest.java:58)
</error>
    <system-out><![CDATA[0    [main] INFO  core.environment.EnvironmentUtil  - Enviroment is PROD !!
1    [main] INFO  core.environment.EnvironmentUtil  - Enviroment is PROD !!
2    [main] INFO  core.environment.EnvironmentUtil  - Environment properties loaded to System
95   [main] INFO  core.BaseTest  - test is initializing... 07/05/2021 12:14:57
95   [main] INFO  core.BaseTest  - System Properties was set... 
2877 [main] INFO  core.BaseTest  - Chrome Driver was set as a web driver 
2903 [main] INFO  core.BaseTest  - tolerable waiting time is 20 SECOND for Web Driver !
2903 [main] INFO  core.BaseTest  - tolerable page load timeout is 60 SECOND for Web Driver !
9990 [main] INFO  core.ScreenShot  - ScreenShot was taken
12491 [main] INFO  core.BaseTest  - Base test is finalizing 07/05/2021 12:15:10
12491 [main] INFO  core.report.ReportBuilderWord  - Report is gathering ...
13599 [main] INFO  core.report.ReportBuilderWord  - Used parameters ...
13608 [main] INFO  core.report.ReportBuilderWord  - Report steps adding to report.
13647 [main] INFO  core.report.ReportBuilderWord  - ReportStep [testId=1625501691153, stepHeader=Test Has Been Started, stepDescription=Boutique Rugs Quality Assurance Test, activeUrl=ActiveURL, time=Mon Jul 05 12:15:10 EDT 2021, screenShot=C:\Users\brglf\OneDrive\Desktop\New folder\1625501691153\1625501707900.jpg]
14293 [main] INFO  core.environment.EnvironmentUtil  - Enviroment is PROD !!
14293 [main] INFO  scenarios.LoginTest  - Login test is starting
17355 [main] INFO  scenarios.LoginTest  - Wait for items to be set up 1625501715277
22365 [main] INFO  scenarios.LoginTest  - Waited for items to be set up 1625501720289
63525 [main] ERROR scenarios.LoginTest  - null------------- LOGIN TEST TRY-CATCHno such element: Unable to locate element: {"method":"xpath","selector":"//*[@id="main"]/header/div/h1"}
  (Session info: chrome=91.0.4472.114)
For documentation on this error, please visit: https://www.seleniumhq.org/exceptions/no_such_element.html
Build info: version: '3.141.59', revision: 'e82be7d358', time: '2018-11-14T08:17:03'
System info: host: 'LAPTOP-PB5O03D2', ip: '192.168.56.1', os.name: 'Windows 10', os.arch: 'amd64', os.version: '10.0', java.version: '15.0.1'
Driver info: org.openqa.selenium.chrome.ChromeDriver
Capabilities {acceptInsecureCerts: false, browserName: chrome, browserVersion: 91.0.4472.114, chrome: {chromedriverVersion: 91.0.4472.101 (af52a90bf870..., userDataDir: C:\Users\brglf\AppData\Loca...}, goog:chromeOptions: {debuggerAddress: localhost:59385}, javascriptEnabled: true, networkConnectionEnabled: false, pageLoadStrategy: normal, platform: WINDOWS, platformName: WINDOWS, proxy: Proxy(), setWindowRect: true, strictFileInteractability: false, timeouts: {implicit: 0, pageLoad: 300000, script: 30000}, unhandledPromptBehavior: dismiss and notify, webauthn:extension:largeBlob: true, webauthn:virtualAuthenticators: true}
Session ID: b198e812290a26c47d09e7dfaf69e67a
*** Element info: {Using=xpath, value=//*[@id="main"]/header/div/h1}
63526 [main] INFO  core.ScreenShot  - ScreenShot was taken
63879 [main] ERROR scenarios.LoginTest  - null------------- LOGIN TEST TRY-CATCHno such element: Unable to locate element: {"method":"xpath","selector":"//*[@id="main"]/header/div/h1"}
  (Session info: chrome=91.0.4472.114)
For documentation on this error, please visit: https://www.seleniumhq.org/exceptions/no_such_element.html
Build info: version: '3.141.59', revision: 'e82be7d358', time: '2018-11-14T08:17:03'
System info: host: 'LAPTOP-PB5O03D2', ip: '192.168.56.1', os.name: 'Windows 10', os.arch: 'amd64', os.version: '10.0', java.version: '15.0.1'
Driver info: org.openqa.selenium.chrome.ChromeDriver
Capabilities {acceptInsecureCerts: false, browserName: chrome, browserVersion: 91.0.4472.114, chrome: {chromedriverVersion: 91.0.4472.101 (af52a90bf870..., userDataDir: C:\Users\brglf\AppData\Loca...}, goog:chromeOptions: {debuggerAddress: localhost:59385}, javascriptEnabled: true, networkConnectionEnabled: false, pageLoadStrategy: normal, platform: WINDOWS, platformName: WINDOWS, proxy: Proxy(), setWindowRect: true, strictFileInteractability: false, timeouts: {implicit: 0, pageLoad: 300000, script: 30000}, unhandledPromptBehavior: dismiss and notify, webauthn:extension:largeBlob: true, webauthn:virtualAuthenticators: true}
Session ID: b198e812290a26c47d09e7dfaf69e67a
*** Element info: {Using=xpath, value=//*[@id="main"]/header/div/h1}
63880 [main] INFO  scenarios.LoginTest  - Login test is finalizing 07/05/2021 12:16:01
63880 [main] INFO  core.report.ReportBuilderWord  - Report is gathering ...
63890 [main] INFO  core.report.ReportBuilderWord  - Used parameters ...
63892 [main] INFO  core.report.ReportBuilderWord  - Report steps adding to report.
63893 [main] INFO  core.report.ReportBuilderWord  - ReportStep [testId=1625501691153, stepHeader=Test Has Been Started, stepDescription=Boutique Rugs Quality Assurance Test, activeUrl=ActiveURL, time=Mon Jul 05 12:15:10 EDT 2021, screenShot=C:\Users\brglf\OneDrive\Desktop\New folder\1625501691153\1625501707900.jpg]
63910 [main] INFO  core.report.ReportBuilderWord  - ReportStep [testId=1625501691153, stepHeader=Boutique Rugs Quality Assurance Test, stepDescription=Test Has Been Completed -- no such element: Unable to locate element: {"method":"xpath","selector":"//*[@id="main"]/header/div/h1"}
  (Session info: chrome=91.0.4472.114)
For documentation on this error, please visit: https://www.seleniumhq.org/exceptions/no_such_element.html
Build info: version: '3.141.59', revision: 'e82be7d358', time: '2018-11-14T08:17:03'
System info: host: 'LAPTOP-PB5O03D2', ip: '192.168.56.1', os.name: 'Windows 10', os.arch: 'amd64', os.version: '10.0', java.version: '15.0.1'
Driver info: org.openqa.selenium.chrome.ChromeDriver
Capabilities {acceptInsecureCerts: false, browserName: chrome, browserVersion: 91.0.4472.114, chrome: {chromedriverVersion: 91.0.4472.101 (af52a90bf870..., userDataDir: C:\Users\brglf\AppData\Loca...}, goog:chromeOptions: {debuggerAddress: localhost:59385}, javascriptEnabled: true, networkConnectionEnabled: false, pageLoadStrategy: normal, platform: WINDOWS, platformName: WINDOWS, proxy: Proxy(), setWindowRect: true, strictFileInteractability: false, timeouts: {implicit: 0, pageLoad: 300000, script: 30000}, unhandledPromptBehavior: dismiss and notify, webauthn:extension:largeBlob: true, webauthn:virtualAuthenticators: true}
Session ID: b198e812290a26c47d09e7dfaf69e67a
*** Element info: {Using=xpath, value=//*[@id="main"]/header/div/h1}, activeUrl=ActiveURL, time=Mon Jul 05 12:16:01 EDT 2021, screenShot=C:\Users\brglf\OneDrive\Desktop\New folder\1625501691153\1625501761451.jpg]
65082 [main] INFO  core.BaseTest  - test is ending... 07/05/2021 12:16:03
]]></system-out>
    <system-err><![CDATA[Starting ChromeDriver 91.0.4472.101 (af52a90bf87030dd1523486a1cd3ae25c5d76c9b-refs/branch-heads/4472@{#1462}) on port 19367
Only local connections are allowed.
Please see https://chromedriver.chromium.org/security-considerations for suggestions on keeping ChromeDriver safe.
ChromeDriver was started successfully.
Jul 05, 2021 12:15:00 PM org.openqa.selenium.remote.ProtocolHandshake createSession
INFO: Detected dialect: W3C
]]></system-err>
  </testcase>
</testsuite>